<?xml version="1.0" encoding="UTF-8"?>
<!-- Generated by org.testng.reporters.JUnitXMLReporter -->
<testsuite hostname="DSK-885" ignored="0" name="Default test" tests="4" failures="0" timestamp="28 Nov 2018 12:46:53 GMT" time="69.723" errors="0">
  <testcase name="VerifyPagDisplayed" time="0.064" classname="com.orangehrmselenium.testcases.AddUserPageTest"/>
  <testcase name="validateCreateNewUser" time="2.251" classname="com.orangehrmselenium.testcases.AddUserPageTest"/>
  <testcase name="validateCreateNewUser" time="2.123" classname="com.orangehrmselenium.testcases.AddUserPageTest"/>
  <testcase name="validateCreateNewUser" time="1.843" classname="com.orangehrmselenium.testcases.AddUserPageTest"/>
</testsuite> <!-- Default test -->
