<?xml version="1.0" encoding="UTF-8"?>
<!-- Generated by org.testng.reporters.JUnitXMLReporter -->
<testsuite hostname="DSK-885" ignored="0" name="Orange HRM App Test Cases" tests="2" failures="0" timestamp="29 Nov 2018 10:23:20 GMT" time="25.112" errors="0">
  <testcase name="verifyTitle" time="0.083" classname="com.orangehrmselenium.testcases.HomePageTest"/>
  <testcase name="verifypageTitle" time="0.037" classname="com.orangehrmselenium.testcases.LoginPageTest"/>
</testsuite> <!-- Orange HRM App Test Cases -->
