<?xml version="1.0" encoding="UTF-8"?>
<!-- Generated by org.testng.reporters.JUnitXMLReporter -->
<testsuite hostname="DSK-885" ignored="0" name="Orange HRM App Test Cases" tests="3" failures="0" timestamp="04 Dec 2018 12:39:27 GMT" time="39.79" errors="0">
  <testcase name="verifyTitle" time="0.094" classname="com.orangehrmselenium.testcases.HomePageTest"/>
  <testcase name="verifypageTitle" time="0.039" classname="com.orangehrmselenium.testcases.LoginPageTest"/>
  <testcase name="VerifyPagDisplayed" time="0.093" classname="com.orangehrmselenium.testcases.AddUserPageTest"/>
</testsuite> <!-- Orange HRM App Test Cases -->
