<?xml version="1.0" encoding="UTF-8"?>
<testng-results skipped="0" failed="0" ignored="0" total="2" passed="2">
  <reporter-output>
  </reporter-output>
  <suite name="Orange HRM Application Test Automation Test Suite" duration-ms="25112" started-at="2018-11-29T10:22:55Z" finished-at="2018-11-29T10:23:20Z">
    <groups>
    </groups>
    <test name="Orange HRM App Test Cases" duration-ms="25112" started-at="2018-11-29T10:22:55Z" finished-at="2018-11-29T10:23:20Z">
      <class name="com.orangehrmselenium.testcases.LoginPageTest">
        <test-method status="PASS" signature="setUp()[pri:0, instance:com.orangehrmselenium.testcases.LoginPageTest@1a968a59]" name="setUp" is-config="true" duration-ms="11117" started-at="2018-11-29T10:23:08Z" finished-at="2018-11-29T10:23:19Z">
          <reporter-output>
          </reporter-output>
        </test-method> <!-- setUp -->
        <test-method status="PASS" signature="verifypageTitle()[pri:1, instance:com.orangehrmselenium.testcases.LoginPageTest@1a968a59]" name="verifypageTitle" duration-ms="37" started-at="2018-11-29T10:23:19Z" finished-at="2018-11-29T10:23:19Z">
          <reporter-output>
          </reporter-output>
        </test-method> <!-- verifypageTitle -->
        <test-method status="PASS" signature="tearDown()[pri:0, instance:com.orangehrmselenium.testcases.LoginPageTest@1a968a59]" name="tearDown" is-config="true" duration-ms="796" started-at="2018-11-29T10:23:19Z" finished-at="2018-11-29T10:23:20Z">
          <reporter-output>
          </reporter-output>
        </test-method> <!-- tearDown -->
      </class> <!-- com.orangehrmselenium.testcases.LoginPageTest -->
      <class name="com.orangehrmselenium.testcases.HomePageTest">
        <test-method status="PASS" signature="setUp()[pri:0, instance:com.orangehrmselenium.testcases.HomePageTest@548e7350]" name="setUp" is-config="true" duration-ms="12183" started-at="2018-11-29T10:22:55Z" finished-at="2018-11-29T10:23:07Z">
          <reporter-output>
          </reporter-output>
        </test-method> <!-- setUp -->
        <test-method status="PASS" signature="verifyTitle()[pri:1, instance:com.orangehrmselenium.testcases.HomePageTest@548e7350]" name="verifyTitle" duration-ms="83" started-at="2018-11-29T10:23:07Z" finished-at="2018-11-29T10:23:07Z">
          <reporter-output>
          </reporter-output>
        </test-method> <!-- verifyTitle -->
        <test-method status="PASS" signature="tearDown()[pri:0, instance:com.orangehrmselenium.testcases.HomePageTest@548e7350]" name="tearDown" is-config="true" duration-ms="861" started-at="2018-11-29T10:23:07Z" finished-at="2018-11-29T10:23:08Z">
          <reporter-output>
          </reporter-output>
        </test-method> <!-- tearDown -->
      </class> <!-- com.orangehrmselenium.testcases.HomePageTest -->
    </test> <!-- Orange HRM App Test Cases -->
  </suite> <!-- Orange HRM Application Test Automation Test Suite -->
</testng-results>
