<?xml version="1.0" encoding="UTF-8"?>
<!-- Generated by org.testng.reporters.JUnitXMLReporter -->
<testsuite hostname="DSK-885" ignored="0" name="Free Orange HRM App Test Cases" tests="2" failures="0" timestamp="27 Nov 2018 15:58:54 GMT" time="23.341" errors="0">
  <testcase name="verifyTitle" time="0.069" classname="com.orangehrmselenium.testcases.HomePageTest"/>
  <testcase name="verifypageTitle" time="0.037" classname="com.orangehrmselenium.testcases.LoginPageTest"/>
</testsuite> <!-- Free Orange HRM App Test Cases -->
